#
# A fatal error has been detected by the Java Runtime Environment:
#
#  Internal Error (classfile/classLoader.hpp:129), pid=10144, tid=9224
#  Error: ShouldNotReachHere()
#
# JRE version: OpenJDK Runtime Environment Corretto-17.0.3.6.1 (17.0.3+6) (build 17.0.3+6-LTS)
# Java VM: OpenJDK 64-Bit Server VM Corretto-17.0.3.6.1 (17.0.3+6-LTS, mixed mode, sharing, tiered, compressed oops, compressed class ptrs, g1 gc, windows-amd64)
# No core dump will be written. Minidumps are not enabled by default on client versions of Windows
#
# If you would like to submit a bug report, please visit:
#   https://github.com/corretto/corretto-17/issues/
#

---------------  S U M M A R Y ------------

Command Line: -javaagent:C:\Users\hp\AppData\Local\JetBrains\IdeaIC2022.1\testAgent\intellij-coverage-agent-1.0.656.jar=C:\Users\hp\AppData\Local\Temp\coverageargs -Didea.new.sampling.coverage=true -Dcoverage.ignore.private.constructor.util.class=true -javaagent:C:\Program Files\JetBrains\IntelliJ IDEA Community Edition 2022.1.1\lib\idea_rt.jar=62108:C:\Program Files\JetBrains\IntelliJ IDEA Community Edition 2022.1.1\bin -Dfile.encoding=UTF-8 am.aua.chess.Main -console

Host: Intel(R) Core(TM) i5-4210M CPU @ 2.60GHz, 4 cores, 3G,  Windows 10 , 64 bit Build 19041 (10.0.19041.207)
Time: Wed Aug 10 12:05:14 2022 E. Africa Standard Time elapsed time: 1.315644 seconds (0d 0h 0m 1s)

---------------  T H R E A D  ---------------

Current thread (0x000001b42b9c7ff0):  JavaThread "main" [_thread_in_vm, id=9224, stack(0x000000179cc00000,0x000000179cd00000)]

Stack: [0x000000179cc00000,0x000000179cd00000]
Native frames: (J=compiled Java code, j=interpreted, Vv=VM code, C=native code)
V  [jvm.dll+0x645e5a]
V  [jvm.dll+0x7f6fc4]
V  [jvm.dll+0x7f877e]
V  [jvm.dll+0x7f8d87]
V  [jvm.dll+0x234b0c]
V  [jvm.dll+0x234a73]
V  [jvm.dll+0x1e1bea]
V  [jvm.dll+0x2afe80]
V  [jvm.dll+0x2b10bc]
V  [jvm.dll+0x512d0d]
V  [jvm.dll+0x774836]
V  [jvm.dll+0x7744af]
V  [jvm.dll+0x775841]
V  [jvm.dll+0x775b78]
V  [jvm.dll+0x22d02a]
V  [jvm.dll+0x3682ce]
C  0x000001b4334eb80d

Java frames: (J=compiled Java code, j=interpreted, Vv=VM code)
j  jdk.internal.loader.URLClassPath.getLoader(Ljava/net/URL;)Ljdk/internal/loader/URLClassPath$Loader;+0 java.base@17.0.3
j  jdk.internal.loader.URLClassPath.getLoader(I)Ljdk/internal/loader/URLClassPath$Loader;+81 java.base@17.0.3
j  jdk.internal.loader.URLClassPath.getResource(Ljava/lang/String;Z)Ljdk/internal/loader/Resource;+42 java.base@17.0.3
j  jdk.internal.loader.BuiltinClassLoader.findClassOnClassPathOrNull(Ljava/lang/String;)Ljava/lang/Class;+26 java.base@17.0.3
j  jdk.internal.loader.BuiltinClassLoader.loadClassOrNull(Ljava/lang/String;Z)Ljava/lang/Class;+111 java.base@17.0.3
j  jdk.internal.loader.BuiltinClassLoader.loadClass(Ljava/lang/String;Z)Ljava/lang/Class;+3 java.base@17.0.3
j  jdk.internal.loader.ClassLoaders$AppClassLoader.loadClass(Ljava/lang/String;Z)Ljava/lang/Class;+36 java.base@17.0.3
j  java.lang.ClassLoader.loadClass(Ljava/lang/String;)Ljava/lang/Class;+3 java.base@17.0.3
j  sun.instrument.InstrumentationImpl.loadClassAndStartAgent(Ljava/lang/String;Ljava/lang/String;Ljava/lang/String;)V+8 java.instrument@17.0.3
j  sun.instrument.InstrumentationImpl.loadClassAndCallPremain(Ljava/lang/String;Ljava/lang/String;)V+6 java.instrument@17.0.3
v  ~StubRoutines::call_stub

---------------  P R O C E S S  ---------------

Threads class SMR info:
_java_thread_list=0x000001b448002130, length=11, elements={
0x000001b42b9c7ff0, 0x000001b42ba86d30, 0x000001b42ba8a350, 0x000001b42ba989a0,
0x000001b42ba9b270, 0x000001b42ba9c3c0, 0x000001b42baa0a10, 0x000001b42baa4f60,
0x000001b42baa6940, 0x000001b42baa9ed0, 0x000001b44803f8d0
}

Java Threads: ( => current thread )
=>0x000001b42b9c7ff0 JavaThread "main" [_thread_in_vm, id=9224, stack(0x000000179cc00000,0x000000179cd00000)]
  0x000001b42ba86d30 JavaThread "Reference Handler" daemon [_thread_blocked, id=1796, stack(0x000000179d300000,0x000000179d400000)]
  0x000001b42ba8a350 JavaThread "Finalizer" daemon [_thread_blocked, id=6652, stack(0x000000179d400000,0x000000179d500000)]
  0x000001b42ba989a0 JavaThread "Signal Dispatcher" daemon [_thread_blocked, id=3100, stack(0x000000179d500000,0x000000179d600000)]
  0x000001b42ba9b270 JavaThread "Attach Listener" daemon [_thread_blocked, id=8848, stack(0x000000179d600000,0x000000179d700000)]
  0x000001b42ba9c3c0 JavaThread "Service Thread" daemon [_thread_blocked, id=120, stack(0x000000179d700000,0x000000179d800000)]
  0x000001b42baa0a10 JavaThread "Monitor Deflation Thread" daemon [_thread_blocked, id=5968, stack(0x000000179d800000,0x000000179d900000)]
  0x000001b42baa4f60 JavaThread "C2 CompilerThread0" daemon [_thread_blocked, id=1556, stack(0x000000179d900000,0x000000179da00000)]
  0x000001b42baa6940 JavaThread "C1 CompilerThread0" daemon [_thread_blocked, id=9920, stack(0x000000179da00000,0x000000179db00000)]
  0x000001b42baa9ed0 JavaThread "Sweeper thread" daemon [_thread_blocked, id=7312, stack(0x000000179db00000,0x000000179dc00000)]
  0x000001b44803f8d0 JavaThread "Common-Cleaner" daemon [_thread_blocked, id=6428, stack(0x000000179dc00000,0x000000179dd00000)]

Other Threads:
  0x000001b42ba829a0 VMThread "VM Thread" [stack: 0x000000179d200000,0x000000179d300000] [id=7212] _threads_hazard_ptr=0x000001b448002130
  0x000001b42ba06750 GCTaskThread "GC Thread#0" [stack: 0x000000179cd00000,0x000000179ce00000] [id=3624]
  0x000001b42ba0f2a0 ConcurrentGCThread "G1 Main Marker" [stack: 0x000000179ce00000,0x000000179cf00000] [id=452]
  0x000001b42ba104f0 ConcurrentGCThread "G1 Conc#0" [stack: 0x000000179cf00000,0x000000179d000000] [id=9796]
  0x000001b42ba604a0 ConcurrentGCThread "G1 Refine#0" [stack: 0x000000179d000000,0x000000179d100000] [id=4520]
  0x000001b42ba60ec0 ConcurrentGCThread "G1 Service" [stack: 0x000000179d100000,0x000000179d200000] [id=4428]

Threads with active compile tasks:

VM state: synchronizing (normal execution)

VM Mutex/Monitor currently owned by a thread:  ([mutex/lock_event])
[0x000001b42b9c3ea0] Threads_lock - owner thread: 0x000001b42ba829a0
[0x000001b42b9c3750] CDSClassFileStream_lock - owner thread: 0x000001b42b9c7ff0

Heap address: 0x00000000c1000000, size: 1008 MB, Compressed Oops mode: 32-bit

CDS archive(s) mapped at: [0x0000000800000000-0x0000000800bc0000-0x0000000800bc0000), size 12320768, SharedBaseAddress: 0x0000000800000000, ArchiveRelocationMode: 0.
Compressed class space mapped at: 0x0000000800c00000-0x0000000840c00000, reserved size: 1073741824
Narrow klass base: 0x0000000800000000, Narrow klass shift: 0, Narrow klass range: 0x100000000

GC Precious Log:
 CPUs: 4 total, 4 available
 Memory: 4025M
 Large Page Support: Disabled
 NUMA Support: Disabled
 Compressed Oops: Enabled (32-bit)
 Heap Region Size: 1M
 Heap Min Capacity: 8M
 Heap Initial Capacity: 64M
 Heap Max Capacity: 1008M
 Pre-touch: Disabled
 Parallel Workers: 4
 Concurrent Workers: 1
 Concurrent Refinement Workers: 4
 Periodic GC: Disabled

Heap:
 garbage-first heap   total 65536K, used 3072K [0x00000000c1000000, 0x0000000100000000)
  region size 1024K, 4 young (4096K), 0 survivors (0K)
 Metaspace       used 683K, committed 832K, reserved 1056768K
  class space    used 47K, committed 128K, reserved 1048576K

Heap Regions: E=young(eden), S=young(survivor), O=old, HS=humongous(starts), HC=humongous(continues), CS=collection set, F=free, OA=open archive, CA=closed archive, TAMS=top-at-mark-start (previous, next)
|   0|0x00000000c1000000, 0x00000000c1000000, 0x00000000c1100000|  0%| F|  |TAMS 0x00000000c1000000, 0x00000000c1000000| Untracked 
|   1|0x00000000c1100000, 0x00000000c1100000, 0x00000000c1200000|  0%| F|  |TAMS 0x00000000c1100000, 0x00000000c1100000| Untracked 
|   2|0x00000000c1200000, 0x00000000c1200000, 0x00000000c1300000|  0%| F|  |TAMS 0x00000000c1200000, 0x00000000c1200000| Untracked 
|   3|0x00000000c1300000, 0x00000000c1300000, 0x00000000c1400000|  0%| F|  |TAMS 0x00000000c1300000, 0x00000000c1300000| Untracked 
|   4|0x00000000c1400000, 0x00000000c1400000, 0x00000000c1500000|  0%| F|  |TAMS 0x00000000c1400000, 0x00000000c1400000| Untracked 
|   5|0x00000000c1500000, 0x00000000c1500000, 0x00000000c1600000|  0%| F|  |TAMS 0x00000000c1500000, 0x00000000c1500000| Untracked 
|   6|0x00000000c1600000, 0x00000000c1600000, 0x00000000c1700000|  0%| F|  |TAMS 0x00000000c1600000, 0x00000000c1600000| Untracked 
|   7|0x00000000c1700000, 0x00000000c1700000, 0x00000000c1800000|  0%| F|  |TAMS 0x00000000c1700000, 0x00000000c1700000| Untracked 
|   8|0x00000000c1800000, 0x00000000c1800000, 0x00000000c1900000|  0%| F|  |TAMS 0x00000000c1800000, 0x00000000c1800000| Untracked 
|   9|0x00000000c1900000, 0x00000000c1900000, 0x00000000c1a00000|  0%| F|  |TAMS 0x00000000c1900000, 0x00000000c1900000| Untracked 
|  10|0x00000000c1a00000, 0x00000000c1a00000, 0x00000000c1b00000|  0%| F|  |TAMS 0x00000000c1a00000, 0x00000000c1a00000| Untracked 
|  11|0x00000000c1b00000, 0x00000000c1b00000, 0x00000000c1c00000|  0%| F|  |TAMS 0x00000000c1b00000, 0x00000000c1b00000| Untracked 
|  12|0x00000000c1c00000, 0x00000000c1c00000, 0x00000000c1d00000|  0%| F|  |TAMS 0x00000000c1c00000, 0x00000000c1c00000| Untracked 
|  13|0x00000000c1d00000, 0x00000000c1d00000, 0x00000000c1e00000|  0%| F|  |TAMS 0x00000000c1d00000, 0x00000000c1d00000| Untracked 
|  14|0x00000000c1e00000, 0x00000000c1e00000, 0x00000000c1f00000|  0%| F|  |TAMS 0x00000000c1e00000, 0x00000000c1e00000| Untracked 
|  15|0x00000000c1f00000, 0x00000000c1f00000, 0x00000000c2000000|  0%| F|  |TAMS 0x00000000c1f00000, 0x00000000c1f00000| Untracked 
|  16|0x00000000c2000000, 0x00000000c2000000, 0x00000000c2100000|  0%| F|  |TAMS 0x00000000c2000000, 0x00000000c2000000| Untracked 
|  17|0x00000000c2100000, 0x00000000c2100000, 0x00000000c2200000|  0%| F|  |TAMS 0x00000000c2100000, 0x00000000c2100000| Untracked 
|  18|0x00000000c2200000, 0x00000000c2200000, 0x00000000c2300000|  0%| F|  |TAMS 0x00000000c2200000, 0x00000000c2200000| Untracked 
|  19|0x00000000c2300000, 0x00000000c2300000, 0x00000000c2400000|  0%| F|  |TAMS 0x00000000c2300000, 0x00000000c2300000| Untracked 
|  20|0x00000000c2400000, 0x00000000c2400000, 0x00000000c2500000|  0%| F|  |TAMS 0x00000000c2400000, 0x00000000c2400000| Untracked 
|  21|0x00000000c2500000, 0x00000000c2500000, 0x00000000c2600000|  0%| F|  |TAMS 0x00000000c2500000, 0x00000000c2500000| Untracked 
|  22|0x00000000c2600000, 0x00000000c2600000, 0x00000000c2700000|  0%| F|  |TAMS 0x00000000c2600000, 0x00000000c2600000| Untracked 
|  23|0x00000000c2700000, 0x00000000c2700000, 0x00000000c2800000|  0%| F|  |TAMS 0x00000000c2700000, 0x00000000c2700000| Untracked 
|  24|0x00000000c2800000, 0x00000000c2800000, 0x00000000c2900000|  0%| F|  |TAMS 0x00000000c2800000, 0x00000000c2800000| Untracked 
|  25|0x00000000c2900000, 0x00000000c2900000, 0x00000000c2a00000|  0%| F|  |TAMS 0x00000000c2900000, 0x00000000c2900000| Untracked 
|  26|0x00000000c2a00000, 0x00000000c2a00000, 0x00000000c2b00000|  0%| F|  |TAMS 0x00000000c2a00000, 0x00000000c2a00000| Untracked 
|  27|0x00000000c2b00000, 0x00000000c2b00000, 0x00000000c2c00000|  0%| F|  |TAMS 0x00000000c2b00000, 0x00000000c2b00000| Untracked 
|  28|0x00000000c2c00000, 0x00000000c2c00000, 0x00000000c2d00000|  0%| F|  |TAMS 0x00000000c2c00000, 0x00000000c2c00000| Untracked 
|  29|0x00000000c2d00000, 0x00000000c2d00000, 0x00000000c2e00000|  0%| F|  |TAMS 0x00000000c2d00000, 0x00000000c2d00000| Untracked 
|  30|0x00000000c2e00000, 0x00000000c2e00000, 0x00000000c2f00000|  0%| F|  |TAMS 0x00000000c2e00000, 0x00000000c2e00000| Untracked 
|  31|0x00000000c2f00000, 0x00000000c2f00000, 0x00000000c3000000|  0%| F|  |TAMS 0x00000000c2f00000, 0x00000000c2f00000| Untracked 
|  32|0x00000000c3000000, 0x00000000c3000000, 0x00000000c3100000|  0%| F|  |TAMS 0x00000000c3000000, 0x00000000c3000000| Untracked 
|  33|0x00000000c3100000, 0x00000000c3100000, 0x00000000c3200000|  0%| F|  |TAMS 0x00000000c3100000, 0x00000000c3100000| Untracked 
|  34|0x00000000c3200000, 0x00000000c3200000, 0x00000000c3300000|  0%| F|  |TAMS 0x00000000c3200000, 0x00000000c3200000| Untracked 
|  35|0x00000000c3300000, 0x00000000c3300000, 0x00000000c3400000|  0%| F|  |TAMS 0x00000000c3300000, 0x00000000c3300000| Untracked 
|  36|0x00000000c3400000, 0x00000000c3400000, 0x00000000c3500000|  0%| F|  |TAMS 0x00000000c3400000, 0x00000000c3400000| Untracked 
|  37|0x00000000c3500000, 0x00000000c3500000, 0x00000000c3600000|  0%| F|  |TAMS 0x00000000c3500000, 0x00000000c3500000| Untracked 
|  38|0x00000000c3600000, 0x00000000c3600000, 0x00000000c3700000|  0%| F|  |TAMS 0x00000000c3600000, 0x00000000c3600000| Untracked 
|  39|0x00000000c3700000, 0x00000000c3700000, 0x00000000c3800000|  0%| F|  |TAMS 0x00000000c3700000, 0x00000000c3700000| Untracked 
|  40|0x00000000c3800000, 0x00000000c3800000, 0x00000000c3900000|  0%| F|  |TAMS 0x00000000c3800000, 0x00000000c3800000| Untracked 
|  41|0x00000000c3900000, 0x00000000c3900000, 0x00000000c3a00000|  0%| F|  |TAMS 0x00000000c3900000, 0x00000000c3900000| Untracked 
|  42|0x00000000c3a00000, 0x00000000c3a00000, 0x00000000c3b00000|  0%| F|  |TAMS 0x00000000c3a00000, 0x00000000c3a00000| Untracked 
|  43|0x00000000c3b00000, 0x00000000c3b00000, 0x00000000c3c00000|  0%| F|  |TAMS 0x00000000c3b00000, 0x00000000c3b00000| Untracked 
|  44|0x00000000c3c00000, 0x00000000c3c00000, 0x00000000c3d00000|  0%| F|  |TAMS 0x00000000c3c00000, 0x00000000c3c00000| Untracked 
|  45|0x00000000c3d00000, 0x00000000c3d00000, 0x00000000c3e00000|  0%| F|  |TAMS 0x00000000c3d00000, 0x00000000c3d00000| Untracked 
|  46|0x00000000c3e00000, 0x00000000c3e00000, 0x00000000c3f00000|  0%| F|  |TAMS 0x00000000c3e00000, 0x00000000c3e00000| Untracked 
|  47|0x00000000c3f00000, 0x00000000c3f00000, 0x00000000c4000000|  0%| F|  |TAMS 0x00000000c3f00000, 0x00000000c3f00000| Untracked 
|  48|0x00000000c4000000, 0x00000000c4000000, 0x00000000c4100000|  0%| F|  |TAMS 0x00000000c4000000, 0x00000000c4000000| Untracked 
|  49|0x00000000c4100000, 0x00000000c4100000, 0x00000000c4200000|  0%| F|  |TAMS 0x00000000c4100000, 0x00000000c4100000| Untracked 
|  50|0x00000000c4200000, 0x00000000c4200000, 0x00000000c4300000|  0%| F|  |TAMS 0x00000000c4200000, 0x00000000c4200000| Untracked 
|  51|0x00000000c4300000, 0x00000000c4300000, 0x00000000c4400000|  0%| F|  |TAMS 0x00000000c4300000, 0x00000000c4300000| Untracked 
|  52|0x00000000c4400000, 0x00000000c4400000, 0x00000000c4500000|  0%| F|  |TAMS 0x00000000c4400000, 0x00000000c4400000| Untracked 
|  53|0x00000000c4500000, 0x00000000c4500000, 0x00000000c4600000|  0%| F|  |TAMS 0x00000000c4500000, 0x00000000c4500000| Untracked 
|  54|0x00000000c4600000, 0x00000000c4600000, 0x00000000c4700000|  0%| F|  |TAMS 0x00000000c4600000, 0x00000000c4600000| Untracked 
|  55|0x00000000c4700000, 0x00000000c4700000, 0x00000000c4800000|  0%| F|  |TAMS 0x00000000c4700000, 0x00000000c4700000| Untracked 
|  56|0x00000000c4800000, 0x00000000c4800000, 0x00000000c4900000|  0%| F|  |TAMS 0x00000000c4800000, 0x00000000c4800000| Untracked 
|  57|0x00000000c4900000, 0x00000000c4900000, 0x00000000c4a00000|  0%| F|  |TAMS 0x00000000c4900000, 0x00000000c4900000| Untracked 
|  58|0x00000000c4a00000, 0x00000000c4a00000, 0x00000000c4b00000|  0%| F|  |TAMS 0x00000000c4a00000, 0x00000000c4a00000| Untracked 
|  59|0x00000000c4b00000, 0x00000000c4b00000, 0x00000000c4c00000|  0%| F|  |TAMS 0x00000000c4b00000, 0x00000000c4b00000| Untracked 
|  60|0x00000000c4c00000, 0x00000000c4c861f0, 0x00000000c4d00000| 52%| E|  |TAMS 0x00000000c4c00000, 0x00000000c4c00000| Complete 
|  61|0x00000000c4d00000, 0x00000000c4e00000, 0x00000000c4e00000|100%| E|CS|TAMS 0x00000000c4d00000, 0x00000000c4d00000| Complete 
|  62|0x00000000c4e00000, 0x00000000c4f00000, 0x00000000c4f00000|100%| E|CS|TAMS 0x00000000c4e00000, 0x00000000c4e00000| Complete 
|  63|0x00000000c4f00000, 0x00000000c5000000, 0x00000000c5000000|100%| E|CS|TAMS 0x00000000c4f00000, 0x00000000c4f00000| Complete 

Card table byte_map: [0x000001b442cf0000,0x000001b442ef0000] _byte_map_base: 0x000001b4426e8000

Marking Bits (Prev, Next): (CMBitMap*) 0x000001b42ba06b70, (CMBitMap*) 0x000001b42ba06bb0
 Prev Bits: [0x000001b4430f0000, 0x000001b4440b0000)
 Next Bits: [0x000001b4440b0000, 0x000001b445070000)

Polling page: 0x000001b42a060000

Metaspace:

Usage:
  Non-class:    636.02 KB used.
      Class:     47.92 KB used.
       Both:    683.94 KB used.

Virtual space:
  Non-class space:        8.00 MB reserved,     704.00 KB (  9%) committed,  1 nodes.
      Class space:        1.00 GB reserved,     128.00 KB ( <1%) committed,  1 nodes.
             Both:        1.01 GB reserved,     832.00 KB ( <1%) committed. 

Chunk freelists:
   Non-Class:  3.99 MB
       Class:  3.75 MB
        Both:  7.74 MB

MaxMetaspaceSize: unlimited
CompressedClassSpaceSize: 1.00 GB
Initial GC threshold: 21.00 MB
Current GC threshold: 21.00 MB
CDS: on
MetaspaceReclaimPolicy: balanced
 - commit_granule_bytes: 65536.
 - commit_granule_words: 8192.
 - virtual_space_node_default_size: 1048576.
 - enlarge_chunks_in_place: 1.
 - new_chunks_are_fully_committed: 0.
 - uncommit_free_chunks: 1.
 - use_allocation_guard: 0.
 - handle_deallocations: 1.


Internal statistics:

num_allocs_failed_limit: 0.
num_arena_births: 6.
num_arena_deaths: 0.
num_vsnodes_births: 2.
num_vsnodes_deaths: 0.
num_space_committed: 13.
num_space_uncommitted: 0.
num_chunks_returned_to_freelist: 0.
num_chunks_taken_from_freelist: 8.
num_chunk_merges: 0.
num_chunk_splits: 2.
num_chunks_enlarged: 1.
num_purges: 0.
num_inconsistent_stats: 0.

CodeHeap 'non-profiled nmethods': size=120000Kb used=90Kb max_used=90Kb free=119909Kb
 bounds [0x000001b43afa0000, 0x000001b43b210000, 0x000001b4424d0000]
CodeHeap 'profiled nmethods': size=120000Kb used=445Kb max_used=445Kb free=119554Kb
 bounds [0x000001b433a70000, 0x000001b433ce0000, 0x000001b43afa0000]
CodeHeap 'non-nmethods': size=5760Kb used=1112Kb max_used=1128Kb free=4647Kb
 bounds [0x000001b4334d0000, 0x000001b433740000, 0x000001b433a70000]
 total_blobs=694 nmethods=304 adapters=303
 compilation: enabled
              stopped_count=0, restarted_count=0
 full_count=0

Compilation events (20 events):
Event: 0.959 Thread 0x000001b42baa6940 nmethod 273 0x000001b433ad5c90 code [0x000001b433ad5e20, 0x000001b433ad5f38]
Event: 0.960 Thread 0x000001b42baa6940  274       3       java.lang.invoke.MethodType::checkSlotCount (33 bytes)
Event: 0.960 Thread 0x000001b42baa6940 nmethod 274 0x000001b433ad6010 code [0x000001b433ad6240, 0x000001b433ad68f8]
Event: 0.960 Thread 0x000001b42baa6940  276       3       java.lang.invoke.MethodType::parameterType (7 bytes)
Event: 0.960 Thread 0x000001b42baa6940 nmethod 276 0x000001b433ad6b90 code [0x000001b433ad6d20, 0x000001b433ad6e58]
Event: 0.961 Thread 0x000001b42baa6940  279       1       java.lang.invoke.MethodType$ConcurrentWeakInternSet$WeakEntry::hashCode (5 bytes)
Event: 0.961 Thread 0x000001b42baa6940 nmethod 279 0x000001b43afb3690 code [0x000001b43afb3820, 0x000001b43afb38f8]
Event: 0.962 Thread 0x000001b42baa6940  280       3       java.lang.invoke.MethodType::equals (56 bytes)
Event: 0.962 Thread 0x000001b42baa6940 nmethod 280 0x000001b433ad6f10 code [0x000001b433ad7140, 0x000001b433ad7cd8]
Event: 0.963 Thread 0x000001b42baa6940  282       3       java.lang.StringUTF16::getChar (60 bytes)
Event: 0.963 Thread 0x000001b42baa4f60 nmethod 271 0x000001b43afb3e10 code [0x000001b43afb3fa0, 0x000001b43afb42f8]
Event: 0.963 Thread 0x000001b42baa4f60  275       4       java.lang.String::coder (15 bytes)
Event: 0.963 Thread 0x000001b42baa6940 nmethod 282 0x000001b433ad7e90 code [0x000001b433ad8020, 0x000001b433ad8198]
Event: 0.963 Thread 0x000001b42baa4f60 nmethod 275 0x000001b43afb4510 code [0x000001b43afb4680, 0x000001b43afb46f8]
Event: 0.964 Thread 0x000001b42baa4f60  283       4       java.lang.StringUTF16::getChar (60 bytes)
Event: 0.965 Thread 0x000001b42baa4f60 nmethod 283 0x000001b43afb4810 code [0x000001b43afb4980, 0x000001b43afb4a58]
Event: 0.966 Thread 0x000001b42baa6940  284       3       java.lang.Math::max (11 bytes)
Event: 0.966 Thread 0x000001b42baa6940 nmethod 284 0x000001b433ad8290 code [0x000001b433ad8420, 0x000001b433ad8558]
Event: 1.113 Thread 0x000001b42baa6940  285       3       java.lang.invoke.MethodType$ConcurrentWeakInternSet::get (47 bytes)
Event: 1.115 Thread 0x000001b42baa6940 nmethod 285 0x000001b433ad8610 code [0x000001b433ad8840, 0x000001b433ad9198]

GC Heap History (0 events):
No events

Deoptimization events (4 events):
Event: 0.963 Thread 0x000001b42b9c7ff0 Uncommon trap: trap_request=0xffffff45 fr.pc=0x000001b43afae1dc relative=0x000000000000005c
Event: 0.963 Thread 0x000001b42b9c7ff0 Uncommon trap: reason=unstable_if action=reinterpret pc=0x000001b43afae1dc method=java.lang.String.isLatin1()Z @ 10 c2
Event: 0.963 Thread 0x000001b42b9c7ff0 DEOPT PACKING pc=0x000001b43afae1dc sp=0x000000179ccfc850
Event: 0.963 Thread 0x000001b42b9c7ff0 DEOPT UNPACKING pc=0x000001b4335223a3 sp=0x000000179ccfc7e0 mode 2

Classes unloaded (0 events):
No events

Classes redefined (0 events):
No events

Internal exceptions (0 events):
No events

VM Operations (2 events):
Event: 0.830 Executing VM operation: HandshakeAllThreads
Event: 0.830 Executing VM operation: HandshakeAllThreads done

Events (20 events):
Event: 1.118 loading class com/intellij/rt/coverage/instrumentation/SaveHook$3
Event: 1.118 loading class org/jetbrains/coverage/org/objectweb/asm/MethodVisitor
Event: 1.119 loading class org/jetbrains/coverage/org/objectweb/asm/MethodVisitor done
Event: 1.119 loading class com/intellij/rt/coverage/instrumentation/SaveHook$3 done
Event: 1.119 loading class com/intellij/rt/coverage/instrumentation/SaveHook$4
Event: 1.119 loading class org/jetbrains/coverage/org/objectweb/asm/ClassVisitor
Event: 1.120 loading class org/jetbrains/coverage/org/objectweb/asm/ClassVisitor done
Event: 1.120 loading class com/intellij/rt/coverage/instrumentation/SaveHook$4 done
Event: 1.121 loading class com/intellij/rt/coverage/instrumentation/AbstractIntellijClassfileTransformer$1
Event: 1.121 loading class com/intellij/rt/coverage/instrumentation/AbstractIntellijClassfileTransformer$1 done
Event: 1.121 loading class java/lang/instrument/UnmodifiableClassException
Event: 1.122 loading class java/lang/instrument/UnmodifiableClassException done
Event: 1.122 loading class java/lang/instrument/ClassDefinition
Event: 1.122 loading class java/lang/instrument/ClassDefinition done
Event: 1.132 loading class com/intellij/rt/execution/application/AppMainV2$Agent
Event: 1.132 loading class com/intellij/rt/execution/application/AppMainV2$Agent done
Event: 1.154 loading class jdk/internal/vm/VMSupport
Event: 1.189 loading class com/intellij/rt/coverage/util/ClassNameUtil
Event: 1.189 loading class com/intellij/rt/coverage/util/ClassNameUtil done
Event: 1.189 loading class jdk/internal/vm/VMSupport done


Dynamic libraries:
0x00007ff727f00000 - 0x00007ff727f0d000 	C:\Users\hp\.jdks\corretto-17.0.3\bin\java.exe
0x00007ffce9130000 - 0x00007ffce9324000 	C:\Windows\SYSTEM32\ntdll.dll
0x00007ffce88f0000 - 0x00007ffce89ad000 	C:\Windows\System32\KERNEL32.DLL
0x00007ffce6960000 - 0x00007ffce6c27000 	C:\Windows\System32\KERNELBASE.dll
0x00007ffce6f30000 - 0x00007ffce7030000 	C:\Windows\System32\ucrtbase.dll
0x00007ffce1470000 - 0x00007ffce1485000 	C:\Users\hp\.jdks\corretto-17.0.3\bin\VCRUNTIME140.dll
0x00007ffce1450000 - 0x00007ffce1468000 	C:\Users\hp\.jdks\corretto-17.0.3\bin\jli.dll
0x00007ffce7ee0000 - 0x00007ffce8080000 	C:\Windows\System32\USER32.dll
0x00007ffce3f60000 - 0x00007ffce41fa000 	C:\Windows\WinSxS\amd64_microsoft.windows.common-controls_6595b64144ccf1df_6.0.19041.1_none_b555e41d4684ddec\COMCTL32.dll
0x00007ffce6c30000 - 0x00007ffce6c52000 	C:\Windows\System32\win32u.dll
0x00007ffce81b0000 - 0x00007ffce824e000 	C:\Windows\System32\msvcrt.dll
0x00007ffce7e80000 - 0x00007ffce7eaa000 	C:\Windows\System32\GDI32.dll
0x00007ffce7030000 - 0x00007ffce7139000 	C:\Windows\System32\gdi32full.dll
0x00007ffce6dc0000 - 0x00007ffce6e5d000 	C:\Windows\System32\msvcp_win.dll
0x00007ffce7eb0000 - 0x00007ffce7ee0000 	C:\Windows\System32\IMM32.DLL
0x00007ffcd9190000 - 0x00007ffcd922b000 	C:\Users\hp\.jdks\corretto-17.0.3\bin\msvcp140.dll
0x00007ffc96870000 - 0x00007ffc9748b000 	C:\Users\hp\.jdks\corretto-17.0.3\bin\server\jvm.dll
0x00007ffce8080000 - 0x00007ffce812a000 	C:\Windows\System32\ADVAPI32.dll
0x00007ffce7a70000 - 0x00007ffce7b0b000 	C:\Windows\System32\sechost.dll
0x00007ffce7d50000 - 0x00007ffce7e73000 	C:\Windows\System32\RPCRT4.dll
0x00007ffce8880000 - 0x00007ffce8888000 	C:\Windows\System32\PSAPI.DLL
0x00007ffcd2c80000 - 0x00007ffcd2ca7000 	C:\Windows\SYSTEM32\WINMM.dll
0x00007ffcde880000 - 0x00007ffcde88a000 	C:\Windows\SYSTEM32\VERSION.dll
0x00007ffce36b0000 - 0x00007ffce36b9000 	C:\Windows\SYSTEM32\WSOCK32.dll
0x00007ffce8140000 - 0x00007ffce81ab000 	C:\Windows\System32\WS2_32.dll
0x00007ffce4970000 - 0x00007ffce4983000 	C:\Windows\SYSTEM32\kernel.appcore.dll
0x00007ffce1440000 - 0x00007ffce144a000 	C:\Users\hp\.jdks\corretto-17.0.3\bin\jimage.dll
0x00007ffce4610000 - 0x00007ffce47f4000 	C:\Windows\SYSTEM32\DBGHELP.DLL
0x00007ffce45e0000 - 0x00007ffce460c000 	C:\Windows\SYSTEM32\dbgcore.DLL
0x00007ffce6eb0000 - 0x00007ffce6f2f000 	C:\Windows\System32\bcryptPrimitives.dll
0x00007ffce1430000 - 0x00007ffce143e000 	C:\Users\hp\.jdks\corretto-17.0.3\bin\instrument.dll
0x00007ffcd9160000 - 0x00007ffcd9185000 	C:\Users\hp\.jdks\corretto-17.0.3\bin\java.dll
0x00007ffcd9140000 - 0x00007ffcd9158000 	C:\Users\hp\.jdks\corretto-17.0.3\bin\zip.dll
0x00007ffcd0740000 - 0x00007ffcd0816000 	C:\Users\hp\.jdks\corretto-17.0.3\bin\jsvml.dll
0x00007ffce89b0000 - 0x00007ffce90e1000 	C:\Windows\System32\SHELL32.dll
0x00007ffce4990000 - 0x00007ffce511a000 	C:\Windows\SYSTEM32\windows.storage.dll
0x00007ffce82b0000 - 0x00007ffce8604000 	C:\Windows\System32\combase.dll
0x00007ffce6270000 - 0x00007ffce629b000 	C:\Windows\SYSTEM32\Wldp.dll
0x00007ffce71a0000 - 0x00007ffce724e000 	C:\Windows\System32\SHCORE.dll
0x00007ffce8890000 - 0x00007ffce88e5000 	C:\Windows\System32\shlwapi.dll
0x00007ffce67c0000 - 0x00007ffce67df000 	C:\Windows\SYSTEM32\profapi.dll

dbghelp: loaded successfully - version: 4.0.5 - missing functions: none
symbol engine: initialized successfully - sym options: 0x614 - pdb path: .;C:\Users\hp\.jdks\corretto-17.0.3\bin;C:\Windows\SYSTEM32;C:\Windows\WinSxS\amd64_microsoft.windows.common-controls_6595b64144ccf1df_6.0.19041.1_none_b555e41d4684ddec;C:\Users\hp\.jdks\corretto-17.0.3\bin\server

VM Arguments:
jvm_args: -javaagent:C:\Users\hp\AppData\Local\JetBrains\IdeaIC2022.1\testAgent\intellij-coverage-agent-1.0.656.jar=C:\Users\hp\AppData\Local\Temp\coverageargs -Didea.new.sampling.coverage=true -Dcoverage.ignore.private.constructor.util.class=true -javaagent:C:\Program Files\JetBrains\IntelliJ IDEA Community Edition 2022.1.1\lib\idea_rt.jar=62108:C:\Program Files\JetBrains\IntelliJ IDEA Community Edition 2022.1.1\bin -Dfile.encoding=UTF-8 
java_command: am.aua.chess.Main -console
java_class_path (initial): C:\Users\hp\Desktop\java\java project\HW10\out\production\HW10
Launcher Type: SUN_STANDARD

[Global flags]
     intx CICompilerCount                          = 3                                         {product} {ergonomic}
     uint ConcGCThreads                            = 1                                         {product} {ergonomic}
     uint G1ConcRefinementThreads                  = 4                                         {product} {ergonomic}
   size_t G1HeapRegionSize                         = 1048576                                   {product} {ergonomic}
    uintx GCDrainStackTargetSize                   = 64                                        {product} {ergonomic}
   size_t InitialHeapSize                          = 67108864                                  {product} {ergonomic}
   size_t MarkStackSize                            = 4194304                                   {product} {ergonomic}
   size_t MaxHeapSize                              = 1056964608                                {product} {ergonomic}
   size_t MaxNewSize                               = 633339904                                 {product} {ergonomic}
   size_t MinHeapDeltaBytes                        = 1048576                                   {product} {ergonomic}
   size_t MinHeapSize                              = 8388608                                   {product} {ergonomic}
    uintx NonNMethodCodeHeapSize                   = 5832780                                {pd product} {ergonomic}
    uintx NonProfiledCodeHeapSize                  = 122912730                              {pd product} {ergonomic}
    uintx ProfiledCodeHeapSize                     = 122912730                              {pd product} {ergonomic}
    uintx ReservedCodeCacheSize                    = 251658240                              {pd product} {ergonomic}
     bool SegmentedCodeCache                       = true                                      {product} {ergonomic}
   size_t SoftMaxHeapSize                          = 1056964608                             {manageable} {ergonomic}
     bool UseCompressedClassPointers               = true                           {product lp64_product} {ergonomic}
     bool UseCompressedOops                        = true                           {product lp64_product} {ergonomic}
     bool UseG1GC                                  = true                                      {product} {ergonomic}
     bool UseLargePagesIndividualAllocation        = false                                  {pd product} {ergonomic}

Logging:
Log output configuration:
 #0: stdout all=warning uptime,level,tags
 #1: stderr all=off uptime,level,tags

Environment Variables:
JAVA_HOME=C:\Program Files\Eclipse Adoptium\jdk-17.0.4.8-hotspot\
PATH=C:\Program Files\Eclipse Adoptium\jdk-17.0.4.8-hotspot\bin;C:\Program Files\Common Files\Oracle\Java\javapath;C:\Windows\system32;C:\Windows;C:\Windows\System32\Wbem;C:\Windows\System32\WindowsPowerShell\v1.0\;C:\Windows\System32\OpenSSH\;C:\Program Files\Microsoft SQL Server\130\Tools\Binn\;D:\application\java;D:\application\java app\java\bin;C:\Program Files\Java\jdk-18.0.1.1\bin;C:\Program Files\Git\cmd;C:\Users\hp\AppData\Local\Programs\Python\Python310\Scripts\;C:\Users\hp\AppData\Local\Programs\Python\Python310\;C:\Users\hp\AppData\Local\Microsoft\WindowsApps;;C:\Program Files\JetBrains\IntelliJ IDEA Community Edition 2022.1.1\bin;;C:\Program Files\JetBrains\PyCharm Community Edition 2021.3\bin;;C:\Users\hp\AppData\Local\Programs\Microsoft VS Code\bin
USERNAME=hp
OS=Windows_NT
PROCESSOR_IDENTIFIER=Intel64 Family 6 Model 60 Stepping 3, GenuineIntel



---------------  S Y S T E M  ---------------

OS:
 Windows 10 , 64 bit Build 19041 (10.0.19041.207)
OS uptime: 0 days 1:16 hours

CPU: total 4 (initial active 4) (2 cores per cpu, 2 threads per core) family 6 model 60 stepping 3 microcode 0x27, cx8, cmov, fxsr, ht, mmx, sse, sse2, sse3, ssse3, sse4.1, sse4.2, popcnt, lzcnt, tsc, tscinvbit, avx, avx2, aes, erms, clmul, bmi1, bmi2, fma, vzeroupper, clflush

Memory: 4k page, system-wide physical 4025M (373M free)
TotalPageFile size 7225M (AvailPageFile size 2019M)
current process WorkingSet (physical memory assigned to process): 34M, peak: 34M
current process commit charge ("private bytes"): 136M, peak: 136M

vm_info: OpenJDK 64-Bit Server VM (17.0.3+6-LTS) for windows-amd64 JRE (17.0.3+6-LTS), built on Apr 15 2022 22:16:02 by "Administrator" with MS VC++ 15.9 (VS2017)

END.
